<?xml version="1.0" encoding="UTF-8"?>
<!-- Generated by org.testng.reporters.JUnitReportReporter -->
<testsuite hostname="DESKTOP-44VVFN8" failures="0" tests="1" name="PageObjectWays.LoginTest" time="2.435" errors="0" timestamp="2025-04-26T09:46:21 IST" skipped="0">
  <testcase classname="PageObjectWays.LoginTest" name="testLogin" time="2.435"/>
</testsuite> <!-- PageObjectWays.LoginTest -->
