<?xml version="1.0" encoding="UTF-8"?>
<!-- Generated by org.testng.reporters.JUnitReportReporter -->
<testsuite hostname="DESKTOP-44VVFN8" failures="0" tests="7" name="com.medimention.testCases.TC_001_Register_DDT" time="70.326" errors="0" timestamp="2025-05-03T10:14:56 IST" skipped="0">
  <testcase classname="com.medimention.testCases.TC_001_Register_DDT" name="account_Register" time="9.618"/>
  <testcase classname="com.medimention.testCases.TC_001_Register_DDT" name="account_Register" time="8.802"/>
  <testcase classname="com.medimention.testCases.TC_001_Register_DDT" name="account_Register" time="6.543"/>
  <testcase classname="com.medimention.testCases.TC_001_Register_DDT" name="account_Register" time="10.781"/>
  <testcase classname="com.medimention.testCases.TC_001_Register_DDT" name="account_Register" time="14.727"/>
  <testcase classname="com.medimention.testCases.TC_001_Register_DDT" name="account_Register" time="9.780"/>
  <testcase classname="com.medimention.testCases.TC_001_Register_DDT" name="account_Register" time="10.075"/>
</testsuite> <!-- com.medimention.testCases.TC_001_Register_DDT -->
