<?xml version="1.0" encoding="UTF-8"?>
<!-- Generated by org.testng.reporters.JUnitReportReporter -->
<testsuite hostname="DESKTOP-44VVFN8" failures="0" tests="1" name="com.medimention.testCases.TC_001_Registration" time="12.136" errors="0" timestamp="2025-05-04T08:55:48 IST" skipped="0">
  <testcase classname="com.medimention.testCases.TC_001_Registration" name="account_Register" time="12.136"/>
</testsuite> <!-- com.medimention.testCases.TC_001_Registration -->
